<?xml version="1.0" encoding="UTF-8"?>
<!-- Generated by org.testng.reporters.JUnitXMLReporter -->
<testsuite ignored="0" hostname="Kajukatri" failures="0" tests="7" name="Default test" time="15.914" errors="0" timestamp="2023-12-30T14:52:03 EST">
  <testcase classname="com.qa.switchhealth.tests.HomePage" name="handleAlert" time="0.083"/>
  <testcase classname="com.qa.switchhealth.tests.HomePage" name="getTitle" time="0.015"/>
  <testcase classname="com.qa.switchhealth.tests.HomePage" name="validateTest" time="0.232"/>
  <testcase classname="com.qa.switchhealth.tests.HomePage" name="validateSexualHealth" time="0.102"/>
  <testcase classname="com.qa.switchhealth.tests.HomePage" name="validatemensHealth" time="0.182"/>
  <testcase classname="com.qa.switchhealth.tests.HomePage" name="validateSign" time="0.022"/>
  <testcase classname="com.qa.switchhealth.tests.HomePage" name="validateSupport" time="11.353"/>
</testsuite> <!-- Default test -->
