<?xml version="1.0" encoding="UTF-8"?>
<!-- Generated by org.testng.reporters.JUnitXMLReporter -->
<testsuite ignored="0" hostname="Kajukatri" failures="0" tests="6" name="Test" time="13.73" errors="0" timestamp="2023-12-28T17:19:05 EST">
  <testcase classname="com.qa.switchhealth.tests.HPVPage" name="getTitle" time="4.235"/>
  <testcase classname="com.qa.switchhealth.tests.HPVPage" name="getURL" time="0.064"/>
  <testcase classname="com.qa.switchhealth.tests.HPVPage" name="checklink1" time="0.062"/>
  <testcase classname="com.qa.switchhealth.tests.HPVPage" name="checklink2" time="0.055"/>
  <testcase classname="com.qa.switchhealth.tests.HPVPage" name="productInfo" time="0.171"/>
  <testcase classname="com.qa.switchhealth.tests.HPVPage" name="addToCart" time="0.907"/>
</testsuite> <!-- Test -->
