<?xml version="1.0" encoding="UTF-8"?>
<testng-results ignored="0" total="7" passed="7" failed="0" skipped="0">
  <reporter-output>
  </reporter-output>
  <suite started-at="2023-12-30T14:51:47 EST" name="Default suite" finished-at="2023-12-30T14:52:03 EST" duration-ms="15914">
    <groups>
    </groups>
    <test started-at="2023-12-30T14:51:47 EST" name="Default test" finished-at="2023-12-30T14:52:03 EST" duration-ms="15914">
      <class name="com.qa.switchhealth.tests.HomePage">
        <test-method is-config="true" signature="setup()[pri:0, instance:com.qa.switchhealth.tests.HomePage@665e9289]" started-at="2023-12-30T14:51:47 EST" name="setup" finished-at="2023-12-30T14:51:50 EST" duration-ms="3798" status="PASS">
          <reporter-output>
          </reporter-output>
        </test-method> <!-- setup -->
        <test-method signature="handleAlert()[pri:0, instance:com.qa.switchhealth.tests.HomePage@665e9289]" started-at="2023-12-30T14:51:50 EST" name="handleAlert" finished-at="2023-12-30T14:51:50 EST" duration-ms="83" status="PASS">
          <reporter-output>
          </reporter-output>
        </test-method> <!-- handleAlert -->
        <test-method signature="getTitle()[pri:1, instance:com.qa.switchhealth.tests.HomePage@665e9289]" started-at="2023-12-30T14:51:51 EST" name="getTitle" finished-at="2023-12-30T14:51:51 EST" duration-ms="15" status="PASS">
          <reporter-output>
          </reporter-output>
        </test-method> <!-- getTitle -->
        <test-method signature="validateTest()[pri:2, instance:com.qa.switchhealth.tests.HomePage@665e9289]" started-at="2023-12-30T14:51:51 EST" name="validateTest" finished-at="2023-12-30T14:51:51 EST" duration-ms="232" status="PASS">
          <reporter-output>
          </reporter-output>
        </test-method> <!-- validateTest -->
        <test-method signature="validateSexualHealth()[pri:3, instance:com.qa.switchhealth.tests.HomePage@665e9289]" started-at="2023-12-30T14:51:51 EST" name="validateSexualHealth" finished-at="2023-12-30T14:51:51 EST" duration-ms="102" status="PASS">
          <reporter-output>
          </reporter-output>
        </test-method> <!-- validateSexualHealth -->
        <test-method signature="validatemensHealth()[pri:4, instance:com.qa.switchhealth.tests.HomePage@665e9289]" started-at="2023-12-30T14:51:51 EST" name="validatemensHealth" finished-at="2023-12-30T14:51:51 EST" duration-ms="182" status="PASS">
          <reporter-output>
          </reporter-output>
        </test-method> <!-- validatemensHealth -->
        <test-method signature="validateSign()[pri:5, instance:com.qa.switchhealth.tests.HomePage@665e9289]" started-at="2023-12-30T14:51:51 EST" name="validateSign" finished-at="2023-12-30T14:51:51 EST" duration-ms="22" status="PASS">
          <reporter-output>
          </reporter-output>
        </test-method> <!-- validateSign -->
        <test-method signature="validateSupport()[pri:7, instance:com.qa.switchhealth.tests.HomePage@665e9289]" started-at="2023-12-30T14:51:51 EST" name="validateSupport" finished-at="2023-12-30T14:52:03 EST" duration-ms="11353" status="PASS">
          <reporter-output>
          </reporter-output>
        </test-method> <!-- validateSupport -->
      </class> <!-- com.qa.switchhealth.tests.HomePage -->
    </test> <!-- Default test -->
  </suite> <!-- Default suite -->
</testng-results>
