<?xml version="1.0" encoding="UTF-8"?>
<testng-results ignored="0" total="2" passed="2" failed="0" skipped="0">
  <reporter-output>
  </reporter-output>
  <suite started-at="2023-12-20T16:44:49 EST" name="Default suite" finished-at="2023-12-20T16:44:55 EST" duration-ms="6021">
    <groups>
    </groups>
    <test started-at="2023-12-20T16:44:49 EST" name="Default test" finished-at="2023-12-20T16:44:55 EST" duration-ms="6021">
      <class name="com.qa.switchhealth.tests.SignInPage">
        <test-method is-config="true" signature="setup()[pri:0, instance:com.qa.switchhealth.tests.SignInPage@1a6c1270]" started-at="2023-12-20T16:44:49 EST" name="setup" finished-at="2023-12-20T16:44:53 EST" duration-ms="4155" status="PASS">
          <reporter-output>
          </reporter-output>
        </test-method> <!-- setup -->
        <test-method signature="getTitlePage()[pri:0, instance:com.qa.switchhealth.tests.SignInPage@1a6c1270]" started-at="2023-12-20T16:44:53 EST" name="getTitlePage" finished-at="2023-12-20T16:44:53 EST" duration-ms="20" status="PASS">
          <reporter-output>
          </reporter-output>
        </test-method> <!-- getTitlePage -->
        <test-method signature="getUrl()[pri:0, instance:com.qa.switchhealth.tests.SignInPage@1a6c1270]" started-at="2023-12-20T16:44:53 EST" name="getUrl" finished-at="2023-12-20T16:44:55 EST" duration-ms="1632" status="PASS">
          <reporter-output>
          </reporter-output>
        </test-method> <!-- getUrl -->
        <test-method is-config="true" signature="teardown()[pri:0, instance:com.qa.switchhealth.tests.SignInPage@1a6c1270]" started-at="2023-12-20T16:44:55 EST" name="teardown" finished-at="2023-12-20T16:44:55 EST" duration-ms="178" status="PASS">
          <reporter-output>
          </reporter-output>
        </test-method> <!-- teardown -->
      </class> <!-- com.qa.switchhealth.tests.SignInPage -->
    </test> <!-- Default test -->
  </suite> <!-- Default suite -->
</testng-results>
